{
  "stats": {
    "suites": 1,
    "tests": 3,
    "passes": 3,
    "pending": 0,
    "failures": 0,
    "start": "2023-04-14T11:31:43.163Z",
    "end": "2023-04-14T11:31:46.657Z",
    "duration": 3494,
    "testsRegistered": 3,
    "passPercent": 100,
    "pendingPercent": 0,
    "other": 0,
    "hasOther": false,
    "skipped": 0,
    "hasSkipped": false
  },
  "results": [
    {
      "uuid": "deb9d237-0153-4f8a-a9d3-0a303f3ac94d",
      "title": "",
      "fullFile": "cypress/e2e/2-advanced-examples/window.cy.js",
      "file": "cypress/e2e/2-advanced-examples/window.cy.js",
      "beforeHooks": [],
      "afterHooks": [],
      "tests": [],
      "suites": [
        {
          "uuid": "95aa3e69-33f9-4410-a645-e8ac6afac97b",
          "title": "Window",
          "fullFile": "",
          "file": "",
          "beforeHooks": [],
          "afterHooks": [],
          "tests": [
            {
              "title": "cy.window() - get the global window object",
              "fullTitle": "Window cy.window() - get the global window object",
              "timedOut": null,
              "duration": 559,
              "state": "passed",
              "speed": "fast",
              "pass": true,
              "fail": false,
              "pending": false,
              "context": null,
              "code": "// https://on.cypress.io/window\ncy.window().should('have.property', 'top');",
              "err": {},
              "uuid": "cffbf228-4d6c-45f9-82e8-22acadc001e7",
              "parentUUID": "95aa3e69-33f9-4410-a645-e8ac6afac97b",
              "isHook": false,
              "skipped": false
            },
            {
              "title": "cy.document() - get the document object",
              "fullTitle": "Window cy.document() - get the document object",
              "timedOut": null,
              "duration": 246,
              "state": "passed",
              "speed": "fast",
              "pass": true,
              "fail": false,
              "pending": false,
              "context": null,
              "code": "// https://on.cypress.io/document\ncy.document().should('have.property', 'charset').and('eq', 'UTF-8');",
              "err": {},
              "uuid": "de8773f3-50d8-44ae-aad0-4d965b9abd93",
              "parentUUID": "95aa3e69-33f9-4410-a645-e8ac6afac97b",
              "isHook": false,
              "skipped": false
            },
            {
              "title": "cy.title() - get the title",
              "fullTitle": "Window cy.title() - get the title",
              "timedOut": null,
              "duration": 178,
              "state": "passed",
              "speed": "fast",
              "pass": true,
              "fail": false,
              "pending": false,
              "context": null,
              "code": "// https://on.cypress.io/title\ncy.title().should('include', 'Kitchen Sink');",
              "err": {},
              "uuid": "36816e41-9299-42b0-b75e-74878b1b822b",
              "parentUUID": "95aa3e69-33f9-4410-a645-e8ac6afac97b",
              "isHook": false,
              "skipped": false
            }
          ],
          "suites": [],
          "passes": [
            "cffbf228-4d6c-45f9-82e8-22acadc001e7",
            "de8773f3-50d8-44ae-aad0-4d965b9abd93",
            "36816e41-9299-42b0-b75e-74878b1b822b"
          ],
          "failures": [],
          "pending": [],
          "skipped": [],
          "duration": 983,
          "root": false,
          "rootEmpty": false,
          "_timeout": 2000
        }
      ],
      "passes": [],
      "failures": [],
      "pending": [],
      "skipped": [],
      "duration": 0,
      "root": true,
      "rootEmpty": true,
      "_timeout": 2000
    }
  ],
  "meta": {
    "mocha": {
      "version": "7.0.1"
    },
    "mochawesome": {
      "options": {
        "quiet": false,
        "reportFilename": "mochawesome",
        "saveHtml": false,
        "saveJson": true,
        "consoleReporter": "spec",
        "useInlineDiffs": false,
        "code": true
      },
      "version": "7.1.3"
    },
    "marge": {
      "options": {
        "reportDir": "cypress/report/mochawesome-report",
        "overwrite": false,
        "html": false,
        "json": true,
        "timestamp": "mmddyyy_HHMMss"
      },
      "version": "6.2.0"
    }
  }
}