{
  "stats": {
    "suites": 2,
    "tests": 6,
    "passes": 6,
    "pending": 0,
    "failures": 0,
    "start": "2023-04-14T06:36:21.369Z",
    "end": "2023-04-14T06:36:29.878Z",
    "duration": 8509,
    "testsRegistered": 6,
    "passPercent": 100,
    "pendingPercent": 0,
    "other": 0,
    "hasOther": false,
    "skipped": 0,
    "hasSkipped": false
  },
  "results": [
    {
      "uuid": "acf927ed-6df8-45f9-aa7d-c2c049567a75",
      "title": "",
      "fullFile": "cypress/e2e/2-advanced-examples/misc.cy.js",
      "file": "cypress/e2e/2-advanced-examples/misc.cy.js",
      "beforeHooks": [],
      "afterHooks": [],
      "tests": [],
      "suites": [
        {
          "uuid": "e96406b9-d767-4b47-b187-d0233165a6aa",
          "title": "Misc",
          "fullFile": "",
          "file": "",
          "beforeHooks": [],
          "afterHooks": [],
          "tests": [
            {
              "title": ".end() - end the command chain",
              "fullTitle": "Misc .end() - end the command chain",
              "timedOut": null,
              "duration": 678,
              "state": "passed",
              "speed": "fast",
              "pass": true,
              "fail": false,
              "pending": false,
              "context": null,
              "code": "// https://on.cypress.io/end\n// cy.end is useful when you want to end a chain of commands\n// and force Cypress to re-query from the root element\ncy.get('.misc-table').within(() => {\n  // ends the current chain and yields null\n  cy.contains('Cheryl').click().end();\n  // queries the entire table again\n  cy.contains('Charles').click();\n});",
              "err": {},
              "uuid": "9f3e68cc-c312-41d3-910e-d4e36162e39a",
              "parentUUID": "e96406b9-d767-4b47-b187-d0233165a6aa",
              "isHook": false,
              "skipped": false
            },
            {
              "title": "cy.exec() - execute a system command",
              "fullTitle": "Misc cy.exec() - execute a system command",
              "timedOut": null,
              "duration": 2506,
              "state": "passed",
              "speed": "fast",
              "pass": true,
              "fail": false,
              "pending": false,
              "context": null,
              "code": "// execute a system command.\n// so you can take actions necessary for\n// your test outside the scope of Cypress.\n// https://on.cypress.io/exec\n// we can use Cypress.platform string to\n// select appropriate command\n// https://on.cypress/io/platform\ncy.log(`Platform ${Cypress.platform} architecture ${Cypress.arch}`);\n// on CircleCI Windows build machines we have a failure to run bash shell\n// https://github.com/cypress-io/cypress/issues/5169\n// so skip some of the tests by passing flag \"--env circle=true\"\nconst isCircleOnWindows = Cypress.platform === 'win32' && Cypress.env('circle');\nif (isCircleOnWindows) {\n  cy.log('Skipping test on CircleCI');\n  return;\n}\n// cy.exec problem on Shippable CI\n// https://github.com/cypress-io/cypress/issues/6718\nconst isShippable = Cypress.platform === 'linux' && Cypress.env('shippable');\nif (isShippable) {\n  cy.log('Skipping test on ShippableCI');\n  return;\n}\ncy.exec('echo Jane Lane').its('stdout').should('contain', 'Jane Lane');\nif (Cypress.platform === 'win32') {\n  cy.exec(`print ${Cypress.config('configFile')}`).its('stderr').should('be.empty');\n} else {\n  cy.exec(`cat ${Cypress.config('configFile')}`).its('stderr').should('be.empty');\n  cy.exec('pwd').its('code').should('eq', 0);\n}",
              "err": {},
              "uuid": "8f07dab1-7a9d-4fd5-be00-72459e0fc342",
              "parentUUID": "e96406b9-d767-4b47-b187-d0233165a6aa",
              "isHook": false,
              "skipped": false
            },
            {
              "title": "cy.focused() - get the DOM element that has focus",
              "fullTitle": "Misc cy.focused() - get the DOM element that has focus",
              "timedOut": null,
              "duration": 474,
              "state": "passed",
              "speed": "fast",
              "pass": true,
              "fail": false,
              "pending": false,
              "context": null,
              "code": "// https://on.cypress.io/focused\ncy.get('.misc-form').find('#name').click();\ncy.focused().should('have.id', 'name');\ncy.get('.misc-form').find('#description').click();\ncy.focused().should('have.id', 'description');",
              "err": {},
              "uuid": "8d6f9a14-151f-4cdf-8ce6-2eefb04b84e3",
              "parentUUID": "e96406b9-d767-4b47-b187-d0233165a6aa",
              "isHook": false,
              "skipped": false
            },
            {
              "title": "cy.wrap() - wrap an object",
              "fullTitle": "Misc cy.wrap() - wrap an object",
              "timedOut": null,
              "duration": 209,
              "state": "passed",
              "speed": "fast",
              "pass": true,
              "fail": false,
              "pending": false,
              "context": null,
              "code": "// https://on.cypress.io/wrap\ncy.wrap({\n  foo: 'bar'\n}).should('have.property', 'foo').and('include', 'bar');",
              "err": {},
              "uuid": "b411395a-e2d1-4ddb-b66f-a7d3939b39fc",
              "parentUUID": "e96406b9-d767-4b47-b187-d0233165a6aa",
              "isHook": false,
              "skipped": false
            }
          ],
          "suites": [
            {
              "uuid": "1400d91b-0fda-4f23-ad2e-538967a33031",
              "title": "Cypress.Screenshot",
              "fullFile": "",
              "file": "",
              "beforeHooks": [],
              "afterHooks": [],
              "tests": [
                {
                  "title": "cy.screenshot() - take a screenshot",
                  "fullTitle": "Misc Cypress.Screenshot cy.screenshot() - take a screenshot",
                  "timedOut": null,
                  "duration": 2120,
                  "state": "passed",
                  "speed": "fast",
                  "pass": true,
                  "fail": false,
                  "pending": false,
                  "context": null,
                  "code": "// https://on.cypress.io/screenshot\ncy.screenshot('my-image');",
                  "err": {},
                  "uuid": "d57a15af-9ff4-48e1-9868-e9d48b214a51",
                  "parentUUID": "1400d91b-0fda-4f23-ad2e-538967a33031",
                  "isHook": false,
                  "skipped": false
                },
                {
                  "title": "Cypress.Screenshot.defaults() - change default config of screenshots",
                  "fullTitle": "Misc Cypress.Screenshot Cypress.Screenshot.defaults() - change default config of screenshots",
                  "timedOut": null,
                  "duration": 185,
                  "state": "passed",
                  "speed": "fast",
                  "pass": true,
                  "fail": false,
                  "pending": false,
                  "context": null,
                  "code": "Cypress.Screenshot.defaults({\n  blackout: ['.foo'],\n  capture: 'viewport',\n  clip: {\n    x: 0,\n    y: 0,\n    width: 200,\n    height: 200\n  },\n  scale: false,\n  disableTimersAndAnimations: true,\n  screenshotOnRunFailure: true,\n  onBeforeScreenshot() {},\n  onAfterScreenshot() {}\n});",
                  "err": {},
                  "uuid": "6e6dd144-87ed-407b-9403-35624904c3c6",
                  "parentUUID": "1400d91b-0fda-4f23-ad2e-538967a33031",
                  "isHook": false,
                  "skipped": false
                }
              ],
              "suites": [],
              "passes": [
                "d57a15af-9ff4-48e1-9868-e9d48b214a51",
                "6e6dd144-87ed-407b-9403-35624904c3c6"
              ],
              "failures": [],
              "pending": [],
              "skipped": [],
              "duration": 2305,
              "root": false,
              "rootEmpty": false,
              "_timeout": 2000
            }
          ],
          "passes": [
            "9f3e68cc-c312-41d3-910e-d4e36162e39a",
            "8f07dab1-7a9d-4fd5-be00-72459e0fc342",
            "8d6f9a14-151f-4cdf-8ce6-2eefb04b84e3",
            "b411395a-e2d1-4ddb-b66f-a7d3939b39fc"
          ],
          "failures": [],
          "pending": [],
          "skipped": [],
          "duration": 3867,
          "root": false,
          "rootEmpty": false,
          "_timeout": 2000
        }
      ],
      "passes": [],
      "failures": [],
      "pending": [],
      "skipped": [],
      "duration": 0,
      "root": true,
      "rootEmpty": true,
      "_timeout": 2000
    }
  ],
  "meta": {
    "mocha": {
      "version": "7.0.1"
    },
    "mochawesome": {
      "options": {
        "quiet": false,
        "reportFilename": "mochawesome",
        "saveHtml": false,
        "saveJson": true,
        "consoleReporter": "spec",
        "useInlineDiffs": false,
        "code": true
      },
      "version": "7.1.3"
    },
    "marge": {
      "options": {
        "reportDir": "cypress/report/mochawesome-report",
        "overwrite": false,
        "html": false,
        "json": true,
        "timestamp": "mmddyyy_HHMMss"
      },
      "version": "6.2.0"
    }
  }
}