{
  "stats": {
    "suites": 1,
    "tests": 7,
    "passes": 7,
    "pending": 0,
    "failures": 0,
    "start": "2023-04-14T06:35:39.758Z",
    "end": "2023-04-14T06:35:45.060Z",
    "duration": 5302,
    "testsRegistered": 7,
    "passPercent": 100,
    "pendingPercent": 0,
    "other": 0,
    "hasOther": false,
    "skipped": 0,
    "hasSkipped": false
  },
  "results": [
    {
      "uuid": "378fe9b7-5453-4573-a8ec-3589e0728a76",
      "title": "",
      "fullFile": "cypress/e2e/2-advanced-examples/cookies.cy.js",
      "file": "cypress/e2e/2-advanced-examples/cookies.cy.js",
      "beforeHooks": [],
      "afterHooks": [],
      "tests": [],
      "suites": [
        {
          "uuid": "fc209f57-306a-4172-bae2-235a614f1bc9",
          "title": "Cookies",
          "fullFile": "",
          "file": "",
          "beforeHooks": [],
          "afterHooks": [],
          "tests": [
            {
              "title": "cy.getCookie() - get a browser cookie",
              "fullTitle": "Cookies cy.getCookie() - get a browser cookie",
              "timedOut": null,
              "duration": 589,
              "state": "passed",
              "speed": "fast",
              "pass": true,
              "fail": false,
              "pending": false,
              "context": null,
              "code": "// https://on.cypress.io/getcookie\ncy.get('#getCookie .set-a-cookie').click();\n// cy.getCookie() yields a cookie object\ncy.getCookie('token').should('have.property', 'value', '123ABC');",
              "err": {},
              "uuid": "6bc1857b-3482-4c82-bd00-f6afc1967194",
              "parentUUID": "fc209f57-306a-4172-bae2-235a614f1bc9",
              "isHook": false,
              "skipped": false
            },
            {
              "title": "cy.getCookies() - get browser cookies for the current domain",
              "fullTitle": "Cookies cy.getCookies() - get browser cookies for the current domain",
              "timedOut": null,
              "duration": 553,
              "state": "passed",
              "speed": "fast",
              "pass": true,
              "fail": false,
              "pending": false,
              "context": null,
              "code": "// https://on.cypress.io/getcookies\ncy.getCookies().should('be.empty');\ncy.get('#getCookies .set-a-cookie').click();\n// cy.getCookies() yields an array of cookies\ncy.getCookies().should('have.length', 1).should(cookies => {\n  // each cookie has these properties\n  expect(cookies[0]).to.have.property('name', 'token');\n  expect(cookies[0]).to.have.property('value', '123ABC');\n  expect(cookies[0]).to.have.property('httpOnly', false);\n  expect(cookies[0]).to.have.property('secure', false);\n  expect(cookies[0]).to.have.property('domain');\n  expect(cookies[0]).to.have.property('path');\n});",
              "err": {},
              "uuid": "99c7f77b-e1ba-484f-8483-38e9d2fc28e4",
              "parentUUID": "fc209f57-306a-4172-bae2-235a614f1bc9",
              "isHook": false,
              "skipped": false
            },
            {
              "title": "cy.getAllCookies() - get all browser cookies",
              "fullTitle": "Cookies cy.getAllCookies() - get all browser cookies",
              "timedOut": null,
              "duration": 281,
              "state": "passed",
              "speed": "fast",
              "pass": true,
              "fail": false,
              "pending": false,
              "context": null,
              "code": "// https://on.cypress.io/getallcookies\ncy.getAllCookies().should('be.empty');\ncy.setCookie('key', 'value');\ncy.setCookie('key', 'value', {\n  domain: '.example.com'\n});\n// cy.getAllCookies() yields an array of cookies\ncy.getAllCookies().should('have.length', 2).should(cookies => {\n  // each cookie has these properties\n  expect(cookies[0]).to.have.property('name', 'key');\n  expect(cookies[0]).to.have.property('value', 'value');\n  expect(cookies[0]).to.have.property('httpOnly', false);\n  expect(cookies[0]).to.have.property('secure', false);\n  expect(cookies[0]).to.have.property('domain');\n  expect(cookies[0]).to.have.property('path');\n  expect(cookies[1]).to.have.property('name', 'key');\n  expect(cookies[1]).to.have.property('value', 'value');\n  expect(cookies[1]).to.have.property('httpOnly', false);\n  expect(cookies[1]).to.have.property('secure', false);\n  expect(cookies[1]).to.have.property('domain', '.example.com');\n  expect(cookies[1]).to.have.property('path');\n});",
              "err": {},
              "uuid": "badbcc93-3727-4627-ab09-1fe23ccae4fc",
              "parentUUID": "fc209f57-306a-4172-bae2-235a614f1bc9",
              "isHook": false,
              "skipped": false
            },
            {
              "title": "cy.setCookie() - set a browser cookie",
              "fullTitle": "Cookies cy.setCookie() - set a browser cookie",
              "timedOut": null,
              "duration": 253,
              "state": "passed",
              "speed": "fast",
              "pass": true,
              "fail": false,
              "pending": false,
              "context": null,
              "code": "// https://on.cypress.io/setcookie\ncy.getCookies().should('be.empty');\ncy.setCookie('foo', 'bar');\n// cy.getCookie() yields a cookie object\ncy.getCookie('foo').should('have.property', 'value', 'bar');",
              "err": {},
              "uuid": "b7f79e7b-81c4-4fc2-994d-3a0a7fbc2c00",
              "parentUUID": "fc209f57-306a-4172-bae2-235a614f1bc9",
              "isHook": false,
              "skipped": false
            },
            {
              "title": "cy.clearCookie() - clear a browser cookie",
              "fullTitle": "Cookies cy.clearCookie() - clear a browser cookie",
              "timedOut": null,
              "duration": 501,
              "state": "passed",
              "speed": "fast",
              "pass": true,
              "fail": false,
              "pending": false,
              "context": null,
              "code": "// https://on.cypress.io/clearcookie\ncy.getCookie('token').should('be.null');\ncy.get('#clearCookie .set-a-cookie').click();\ncy.getCookie('token').should('have.property', 'value', '123ABC');\n// cy.clearCookies() yields null\ncy.clearCookie('token').should('be.null');\ncy.getCookie('token').should('be.null');",
              "err": {},
              "uuid": "281885c2-fea0-423a-8116-1682690c3c1e",
              "parentUUID": "fc209f57-306a-4172-bae2-235a614f1bc9",
              "isHook": false,
              "skipped": false
            },
            {
              "title": "cy.clearCookies() - clear browser cookies for the current domain",
              "fullTitle": "Cookies cy.clearCookies() - clear browser cookies for the current domain",
              "timedOut": null,
              "duration": 339,
              "state": "passed",
              "speed": "fast",
              "pass": true,
              "fail": false,
              "pending": false,
              "context": null,
              "code": "// https://on.cypress.io/clearcookies\ncy.getCookies().should('be.empty');\ncy.get('#clearCookies .set-a-cookie').click();\ncy.getCookies().should('have.length', 1);\n// cy.clearCookies() yields null\ncy.clearCookies();\ncy.getCookies().should('be.empty');",
              "err": {},
              "uuid": "638b87e7-19cb-482b-8f8e-c47fd0a85cbd",
              "parentUUID": "fc209f57-306a-4172-bae2-235a614f1bc9",
              "isHook": false,
              "skipped": false
            },
            {
              "title": "cy.clearAllCookies() - clear all browser cookies",
              "fullTitle": "Cookies cy.clearAllCookies() - clear all browser cookies",
              "timedOut": null,
              "duration": 287,
              "state": "passed",
              "speed": "fast",
              "pass": true,
              "fail": false,
              "pending": false,
              "context": null,
              "code": "// https://on.cypress.io/clearallcookies\ncy.getAllCookies().should('be.empty');\ncy.setCookie('key', 'value');\ncy.setCookie('key', 'value', {\n  domain: '.example.com'\n});\ncy.getAllCookies().should('have.length', 2);\n// cy.clearAllCookies() yields null\ncy.clearAllCookies();\ncy.getAllCookies().should('be.empty');",
              "err": {},
              "uuid": "db4d1830-9519-41ae-89c9-99b1a29c86ee",
              "parentUUID": "fc209f57-306a-4172-bae2-235a614f1bc9",
              "isHook": false,
              "skipped": false
            }
          ],
          "suites": [],
          "passes": [
            "6bc1857b-3482-4c82-bd00-f6afc1967194",
            "99c7f77b-e1ba-484f-8483-38e9d2fc28e4",
            "badbcc93-3727-4627-ab09-1fe23ccae4fc",
            "b7f79e7b-81c4-4fc2-994d-3a0a7fbc2c00",
            "281885c2-fea0-423a-8116-1682690c3c1e",
            "638b87e7-19cb-482b-8f8e-c47fd0a85cbd",
            "db4d1830-9519-41ae-89c9-99b1a29c86ee"
          ],
          "failures": [],
          "pending": [],
          "skipped": [],
          "duration": 2803,
          "root": false,
          "rootEmpty": false,
          "_timeout": 2000
        }
      ],
      "passes": [],
      "failures": [],
      "pending": [],
      "skipped": [],
      "duration": 0,
      "root": true,
      "rootEmpty": true,
      "_timeout": 2000
    }
  ],
  "meta": {
    "mocha": {
      "version": "7.0.1"
    },
    "mochawesome": {
      "options": {
        "quiet": false,
        "reportFilename": "mochawesome",
        "saveHtml": false,
        "saveJson": true,
        "consoleReporter": "spec",
        "useInlineDiffs": false,
        "code": true
      },
      "version": "7.1.3"
    },
    "marge": {
      "options": {
        "reportDir": "cypress/report/mochawesome-report",
        "overwrite": false,
        "html": false,
        "json": true,
        "timestamp": "mmddyyy_HHMMss"
      },
      "version": "6.2.0"
    }
  }
}